<?xml version="1.0" encoding="UTF-8"?>
<testng-results ignored="0" total="5" passed="5" failed="0" skipped="0">
  <reporter-output>
  </reporter-output>
  <suite started-at="2025-05-07T03:14:40 IST" name="Default suite" finished-at="2025-05-07T03:14:42 IST" duration-ms="2117">
    <groups>
    </groups>
    <test started-at="2025-05-07T03:14:40 IST" name="Default test" finished-at="2025-05-07T03:14:42 IST" duration-ms="2117">
      <class name="tests.CapitalCityTestNGTest">
        <test-method is-config="true" signature="setupExtent()[pri:0, instance:tests.CapitalCityTestNGTest@3c46e67a]" started-at="2025-05-07T03:14:40 IST" name="setupExtent" finished-at="2025-05-07T03:14:40 IST" duration-ms="46" status="PASS">
          <reporter-output>
          </reporter-output>
        </test-method> <!-- setupExtent -->
        <test-method is-config="true" signature="setup()[pri:0, instance:tests.CapitalCityTestNGTest@3c46e67a]" started-at="2025-05-07T03:14:40 IST" name="setup" finished-at="2025-05-07T03:14:42 IST" duration-ms="1968" status="PASS">
          <reporter-output>
          </reporter-output>
        </test-method> <!-- setup -->
        <test-method signature="verifyCapitalCity(java.lang.String,java.lang.String)[pri:0, instance:tests.CapitalCityTestNGTest@3c46e67a]" started-at="2025-05-07T03:14:42 IST" name="verifyCapitalCity" data-provider="countryCapitalData" finished-at="2025-05-07T03:14:42 IST" duration-ms="26" status="PASS">
          <params>
            <param index="0">
              <value>
                <![CDATA[Afghanistan]]>
              </value>
            </param>
            <param index="1">
              <value>
                <![CDATA[Kabul]]>
              </value>
            </param>
          </params>
          <reporter-output>
          </reporter-output>
        </test-method> <!-- verifyCapitalCity -->
        <test-method signature="verifyCapitalCity(java.lang.String,java.lang.String)[pri:0, instance:tests.CapitalCityTestNGTest@3c46e67a]" started-at="2025-05-07T03:14:42 IST" name="verifyCapitalCity" data-provider="countryCapitalData" finished-at="2025-05-07T03:14:42 IST" duration-ms="9" status="PASS">
          <params>
            <param index="0">
              <value>
                <![CDATA[Albania]]>
              </value>
            </param>
            <param index="1">
              <value>
                <![CDATA[Tirana]]>
              </value>
            </param>
          </params>
          <reporter-output>
          </reporter-output>
        </test-method> <!-- verifyCapitalCity -->
        <test-method signature="verifyCapitalCity(java.lang.String,java.lang.String)[pri:0, instance:tests.CapitalCityTestNGTest@3c46e67a]" started-at="2025-05-07T03:14:42 IST" name="verifyCapitalCity" data-provider="countryCapitalData" finished-at="2025-05-07T03:14:42 IST" duration-ms="9" status="PASS">
          <params>
            <param index="0">
              <value>
                <![CDATA[Algeria]]>
              </value>
            </param>
            <param index="1">
              <value>
                <![CDATA[Algiers]]>
              </value>
            </param>
          </params>
          <reporter-output>
          </reporter-output>
        </test-method> <!-- verifyCapitalCity -->
        <test-method signature="verifyCapitalCity(java.lang.String,java.lang.String)[pri:0, instance:tests.CapitalCityTestNGTest@3c46e67a]" started-at="2025-05-07T03:14:42 IST" name="verifyCapitalCity" data-provider="countryCapitalData" finished-at="2025-05-07T03:14:42 IST" duration-ms="7" status="PASS">
          <params>
            <param index="0">
              <value>
                <![CDATA[Argentina]]>
              </value>
            </param>
            <param index="1">
              <value>
                <![CDATA[Buenos Aires]]>
              </value>
            </param>
          </params>
          <reporter-output>
          </reporter-output>
        </test-method> <!-- verifyCapitalCity -->
        <test-method signature="verifyCapitalCity(java.lang.String,java.lang.String)[pri:0, instance:tests.CapitalCityTestNGTest@3c46e67a]" started-at="2025-05-07T03:14:42 IST" name="verifyCapitalCity" data-provider="countryCapitalData" finished-at="2025-05-07T03:14:42 IST" duration-ms="8" status="PASS">
          <params>
            <param index="0">
              <value>
                <![CDATA[Australia]]>
              </value>
            </param>
            <param index="1">
              <value>
                <![CDATA[Canberra]]>
              </value>
            </param>
          </params>
          <reporter-output>
          </reporter-output>
        </test-method> <!-- verifyCapitalCity -->
        <test-method is-config="true" signature="teardown()[pri:0, instance:tests.CapitalCityTestNGTest@3c46e67a]" started-at="2025-05-07T03:14:42 IST" name="teardown" finished-at="2025-05-07T03:14:42 IST" duration-ms="76" status="PASS">
          <reporter-output>
          </reporter-output>
        </test-method> <!-- teardown -->
        <test-method is-config="true" signature="flushReports()[pri:0, instance:tests.CapitalCityTestNGTest@3c46e67a]" started-at="2025-05-07T03:14:42 IST" name="flushReports" finished-at="2025-05-07T03:14:42 IST" duration-ms="78" status="PASS">
          <reporter-output>
          </reporter-output>
        </test-method> <!-- flushReports -->
      </class> <!-- tests.CapitalCityTestNGTest -->
    </test> <!-- Default test -->
  </suite> <!-- Default suite -->
</testng-results>
