<?xml version="1.0" encoding="UTF-8"?>
<testng-results ignored="0" total="3" passed="3" failed="0" skipped="0">
  <reporter-output>
  </reporter-output>
  <suite started-at="2025-05-06T19:42:25 IST" name="Default suite" finished-at="2025-05-06T19:42:27 IST" duration-ms="1752">
    <groups>
    </groups>
    <test started-at="2025-05-06T19:42:25 IST" name="Default test" finished-at="2025-05-06T19:42:27 IST" duration-ms="1752">
      <class name="tests.CapitalValidationUsingExcelTest">
        <test-method is-config="true" signature="setup()[pri:0, instance:tests.CapitalValidationUsingExcelTest@411f53a0]" started-at="2025-05-06T19:42:25 IST" name="setup" finished-at="2025-05-06T19:42:26 IST" duration-ms="1449" status="PASS">
          <reporter-output>
          </reporter-output>
        </test-method> <!-- setup -->
        <test-method signature="testCapital(java.lang.String,java.lang.String)[pri:0, instance:tests.CapitalValidationUsingExcelTest@411f53a0]" started-at="2025-05-06T19:42:26 IST" name="testCapital" data-provider="excelData" finished-at="2025-05-06T19:42:27 IST" duration-ms="13" status="PASS">
          <params>
            <param index="0">
              <value>
                <![CDATA[Afghanistan]]>
              </value>
            </param>
            <param index="1">
              <value>
                <![CDATA[Kabul]]>
              </value>
            </param>
          </params>
          <reporter-output>
          </reporter-output>
        </test-method> <!-- testCapital -->
        <test-method signature="testCapital(java.lang.String,java.lang.String)[pri:0, instance:tests.CapitalValidationUsingExcelTest@411f53a0]" started-at="2025-05-06T19:42:27 IST" name="testCapital" data-provider="excelData" finished-at="2025-05-06T19:42:27 IST" duration-ms="8" status="PASS">
          <params>
            <param index="0">
              <value>
                <![CDATA[Albania]]>
              </value>
            </param>
            <param index="1">
              <value>
                <![CDATA[Tirana]]>
              </value>
            </param>
          </params>
          <reporter-output>
          </reporter-output>
        </test-method> <!-- testCapital -->
        <test-method signature="testCapital(java.lang.String,java.lang.String)[pri:0, instance:tests.CapitalValidationUsingExcelTest@411f53a0]" started-at="2025-05-06T19:42:27 IST" name="testCapital" data-provider="excelData" finished-at="2025-05-06T19:42:27 IST" duration-ms="8" status="PASS">
          <params>
            <param index="0">
              <value>
                <![CDATA[Australia]]>
              </value>
            </param>
            <param index="1">
              <value>
                <![CDATA[Canberra]]>
              </value>
            </param>
          </params>
          <reporter-output>
          </reporter-output>
        </test-method> <!-- testCapital -->
        <test-method is-config="true" signature="teardown()[pri:0, instance:tests.CapitalValidationUsingExcelTest@411f53a0]" started-at="2025-05-06T19:42:27 IST" name="teardown" finished-at="2025-05-06T19:42:27 IST" duration-ms="79" status="PASS">
          <reporter-output>
          </reporter-output>
        </test-method> <!-- teardown -->
      </class> <!-- tests.CapitalValidationUsingExcelTest -->
    </test> <!-- Default test -->
  </suite> <!-- Default suite -->
</testng-results>
